2023-06-13 22:16:14 PM-INFO-the test is started
2023-06-13 22:16:14 PM-INFO-config over
2023-06-13 22:16:14 PM-INFO-reading is started
2023-06-13 22:16:14 PM-INFO-reading is completed
2023-06-13 22:19:56 PM-INFO-the test is started
2023-06-13 22:19:56 PM-INFO-config over
2023-06-13 22:19:56 PM-INFO-reading is started
2023-06-13 22:20:35 PM-INFO-the test is started
2023-06-13 22:20:35 PM-INFO-config over
2023-06-13 22:20:35 PM-INFO-reading is started
2023-06-13 22:21:43 PM-INFO-the test is started
2023-06-13 22:21:43 PM-INFO-config over
2023-06-13 22:21:43 PM-INFO-reading is started
2023-06-13 22:22:46 PM-INFO-the test is started
2023-06-13 22:22:46 PM-INFO-config over
2023-06-13 22:22:46 PM-INFO-reading is started
2023-06-13 22:23:06 PM-INFO-the test is started
2023-06-13 22:23:06 PM-INFO-config over
2023-06-13 22:23:06 PM-INFO-reading is started
2023-06-13 22:23:06 PM-INFO-good da
2023-06-13 22:42:07 PM-INFO-the test is started
2023-06-13 22:42:07 PM-INFO-config over
2023-06-13 22:42:07 PM-INFO-reading is started
2023-06-13 22:42:07 PM-INFO-good da 
2023-06-13 22:42:41 PM-INFO-the test is started
2023-06-13 22:42:41 PM-INFO-config over
2023-06-13 22:42:41 PM-INFO-reading is started
2023-06-13 22:42:41 PM-INFO-good da 
2023-06-13 22:43:01 PM-INFO-the test is started
2023-06-13 22:43:01 PM-INFO-config over
2023-06-13 22:43:01 PM-INFO-reading is started
2023-06-13 22:43:01 PM-INFO-good da 
